<?xml version="1.0" encoding="UTF-8"?>
<!-- Generated by org.testng.reporters.JUnitReportReporter -->
<testsuite ignored="0" hostname="DESKTOP-CKBL5PE" failures="0" tests="1" name="org.testing.testscripts.testcase2" time="2.836" errors="0" timestamp="16 Aug 2023 15:21:47 GMT" skipped="0">
  <testcase classname="org.testing.testscripts.testcase2" name="tc2" time="2.836"/>
</testsuite> <!-- org.testing.testscripts.testcase2 -->
